<?xml version="1.0" encoding="UTF-8"?>
<robot generator="Robot 3.2.2 (Python 3.9.0 on darwin)" generated="20201016 09:44:38.949" rpa="false">
<suite id="s1" name="Book-Service-Test" source="/Users/phong.t/Downloads/goworkspace/src/github.com/phongcao0114/pmhb-book-service-test/book-service-test.robot">
<test id="s1-t1" name="Insert Book - Missing Name">
<kw name="Post" library="REST">
<tags>
<tag>http</tag>
</tags>
<doc>*Sends a POST request to the endpoint.*</doc>
<arguments>
<arg>/kph/api/book</arg>
<arg>${req_body_missing_name}</arg>
<arg>headers=${header}</arg>
</arguments>
<status status="PASS" starttime="20201016 09:44:39.355" endtime="20201016 09:44:39.412"></status>
</kw>
<kw name="Integer" library="REST">
<tags>
<tag>assertions</tag>
</tags>
<doc>*Asserts the field as JSON integer.*</doc>
<arguments>
<arg>response status</arg>
<arg>200</arg>
</arguments>
<status status="PASS" starttime="20201016 09:44:39.412" endtime="20201016 09:44:39.413"></status>
</kw>
<kw name="Output" library="REST">
<tags>
<tag>I/O</tag>
</tags>
<doc>*Outputs JSON to terminal or a file.*</doc>
<arguments>
<arg>response body error</arg>
</arguments>
<msg timestamp="20201016 09:44:39.413" level="INFO">
{
    "error_code": "1000",
    "error_desc": "Validate failed",
    "original_error_str": "name is missing"
}</msg>
<status status="PASS" starttime="20201016 09:44:39.413" endtime="20201016 09:44:39.441"></status>
</kw>
<kw name="String" library="REST">
<tags>
<tag>assertions</tag>
</tags>
<doc>*Asserts the field as JSON string.*</doc>
<arguments>
<arg>response body error original_error_str</arg>
<arg>${err_missing_name}</arg>
</arguments>
<status status="PASS" starttime="20201016 09:44:39.441" endtime="20201016 09:44:39.442"></status>
</kw>
<status status="PASS" starttime="20201016 09:44:39.355" endtime="20201016 09:44:39.442" critical="yes"></status>
</test>
<test id="s1-t2" name="Insert Book - Missing Author">
<kw name="Post" library="REST">
<tags>
<tag>http</tag>
</tags>
<doc>*Sends a POST request to the endpoint.*</doc>
<arguments>
<arg>/kph/api/book</arg>
<arg>${req_body_missing_author}</arg>
<arg>headers=${header}</arg>
</arguments>
<status status="PASS" starttime="20201016 09:44:39.443" endtime="20201016 09:44:39.448"></status>
</kw>
<kw name="Integer" library="REST">
<tags>
<tag>assertions</tag>
</tags>
<doc>*Asserts the field as JSON integer.*</doc>
<arguments>
<arg>response status</arg>
<arg>200</arg>
</arguments>
<status status="PASS" starttime="20201016 09:44:39.448" endtime="20201016 09:44:39.448"></status>
</kw>
<kw name="Output" library="REST">
<tags>
<tag>I/O</tag>
</tags>
<doc>*Outputs JSON to terminal or a file.*</doc>
<arguments>
<arg>response body error</arg>
</arguments>
<msg timestamp="20201016 09:44:39.449" level="INFO">
{
    "error_code": "1000",
    "error_desc": "Validate failed",
    "original_error_str": "author is missing"
}</msg>
<status status="PASS" starttime="20201016 09:44:39.448" endtime="20201016 09:44:39.449"></status>
</kw>
<kw name="String" library="REST">
<tags>
<tag>assertions</tag>
</tags>
<doc>*Asserts the field as JSON string.*</doc>
<arguments>
<arg>response body error original_error_str</arg>
<arg>${err_missing_author}</arg>
</arguments>
<status status="PASS" starttime="20201016 09:44:39.449" endtime="20201016 09:44:39.450"></status>
</kw>
<status status="PASS" starttime="20201016 09:44:39.442" endtime="20201016 09:44:39.450" critical="yes"></status>
</test>
<test id="s1-t3" name="Insert Book - Success">
<kw name="Post" library="REST">
<tags>
<tag>http</tag>
</tags>
<doc>*Sends a POST request to the endpoint.*</doc>
<arguments>
<arg>/kph/api/book</arg>
<arg>${req_body}</arg>
<arg>headers=${header}</arg>
</arguments>
<status status="PASS" starttime="20201016 09:44:39.450" endtime="20201016 09:44:39.460"></status>
</kw>
<kw name="Integer" library="REST">
<tags>
<tag>assertions</tag>
</tags>
<doc>*Asserts the field as JSON integer.*</doc>
<arguments>
<arg>response status</arg>
<arg>200</arg>
</arguments>
<status status="PASS" starttime="20201016 09:44:39.460" endtime="20201016 09:44:39.460"></status>
</kw>
<kw name="String" library="REST">
<tags>
<tag>assertions</tag>
</tags>
<doc>*Asserts the field as JSON string.*</doc>
<arguments>
<arg>response body</arg>
</arguments>
<assign>
<var>${id}</var>
</assign>
<msg timestamp="20201016 09:44:39.461" level="INFO">${id} = ['daca4086-be2c-43b1-9d8f-78415fb6d392']</msg>
<status status="PASS" starttime="20201016 09:44:39.461" endtime="20201016 09:44:39.461"></status>
</kw>
<kw name="Set Global Variable" library="BuiltIn">
<doc>Makes a variable available globally in all tests and suites.</doc>
<arguments>
<arg>${id}</arg>
</arguments>
<msg timestamp="20201016 09:44:39.462" level="INFO">${id} = ['daca4086-be2c-43b1-9d8f-78415fb6d392']</msg>
<status status="PASS" starttime="20201016 09:44:39.461" endtime="20201016 09:44:39.462"></status>
</kw>
<status status="PASS" starttime="20201016 09:44:39.450" endtime="20201016 09:44:39.462" critical="yes"></status>
</test>
<test id="s1-t4" name="Get Book - Success">
<kw name="Get" library="REST">
<tags>
<tag>http</tag>
</tags>
<doc>*Sends a GET request to the endpoint.*</doc>
<arguments>
<arg>/kph/api/book/${id}[0]</arg>
<arg>headers=${header}</arg>
</arguments>
<status status="PASS" starttime="20201016 09:44:39.463" endtime="20201016 09:44:39.475"></status>
</kw>
<kw name="Output" library="REST">
<tags>
<tag>I/O</tag>
</tags>
<doc>*Outputs JSON to terminal or a file.*</doc>
<arguments>
<arg>response</arg>
</arguments>
<msg timestamp="20201016 09:44:39.477" level="INFO">
{
    "seconds": 0.008997999999999999,
    "status": 200,
    "body": {
        "id": "daca4086-be2c-43b1-9d8f-78415fb6d392",
        "name": "SampleBook",
        "author": "Nick"
    },
    "headers": {
        "Content-Type": "application/json",
        "Date": "Fri, 16 Oct 2020 02:44:39 GMT",
        "Content-Length": "82"
    }
}</msg>
<status status="PASS" starttime="20201016 09:44:39.476" endtime="20201016 09:44:39.478"></status>
</kw>
<kw name="Integer" library="REST">
<tags>
<tag>assertions</tag>
</tags>
<doc>*Asserts the field as JSON integer.*</doc>
<arguments>
<arg>response status</arg>
<arg>200</arg>
</arguments>
<status status="PASS" starttime="20201016 09:44:39.478" endtime="20201016 09:44:39.480"></status>
</kw>
<kw name="String" library="REST">
<tags>
<tag>assertions</tag>
</tags>
<doc>*Asserts the field as JSON string.*</doc>
<arguments>
<arg>response body name</arg>
<arg>${book_name}</arg>
</arguments>
<status status="PASS" starttime="20201016 09:44:39.481" endtime="20201016 09:44:39.482"></status>
</kw>
<kw name="String" library="REST">
<tags>
<tag>assertions</tag>
</tags>
<doc>*Asserts the field as JSON string.*</doc>
<arguments>
<arg>response body author</arg>
<arg>${author}</arg>
</arguments>
<status status="PASS" starttime="20201016 09:44:39.483" endtime="20201016 09:44:39.485"></status>
</kw>
<status status="PASS" starttime="20201016 09:44:39.462" endtime="20201016 09:44:39.485" critical="yes"></status>
</test>
<test id="s1-t5" name="Delete Book - Success">
<kw name="Delete" library="REST">
<tags>
<tag>http</tag>
</tags>
<doc>*Sends a DELETE request to the endpoint.*</doc>
<arguments>
<arg>/kph/api/book/${id}[0]</arg>
<arg>headers=${header}</arg>
</arguments>
<status status="PASS" starttime="20201016 09:44:39.487" endtime="20201016 09:44:39.502"></status>
</kw>
<kw name="Output" library="REST">
<tags>
<tag>I/O</tag>
</tags>
<doc>*Outputs JSON to terminal or a file.*</doc>
<arguments>
<arg>response</arg>
</arguments>
<msg timestamp="20201016 09:44:39.503" level="INFO">
{
    "seconds": 0.010527,
    "status": 200,
    "body": true,
    "headers": {
        "Content-Type": "application/json",
        "Date": "Fri, 16 Oct 2020 02:44:39 GMT",
        "Content-Length": "5"
    }
}</msg>
<status status="PASS" starttime="20201016 09:44:39.502" endtime="20201016 09:44:39.503"></status>
</kw>
<kw name="Integer" library="REST">
<tags>
<tag>assertions</tag>
</tags>
<doc>*Asserts the field as JSON integer.*</doc>
<arguments>
<arg>response status</arg>
<arg>200</arg>
</arguments>
<status status="PASS" starttime="20201016 09:44:39.503" endtime="20201016 09:44:39.504"></status>
</kw>
<status status="PASS" starttime="20201016 09:44:39.486" endtime="20201016 09:44:39.505" critical="yes"></status>
</test>
<status status="PASS" starttime="20201016 09:44:38.951" endtime="20201016 09:44:39.506"></status>
</suite>
<statistics>
<total>
<stat pass="5" fail="0">Critical Tests</stat>
<stat pass="5" fail="0">All Tests</stat>
</total>
<tag>
</tag>
<suite>
<stat pass="5" fail="0" id="s1" name="Book-Service-Test">Book-Service-Test</stat>
</suite>
</statistics>
<errors>
</errors>
</robot>
