<?xml version="1.0" encoding="UTF-8"?>
<robot generator="Robot 3.2.2 (Python 3.9.0 on darwin)" generated="20201019 11:33:26.753" rpa="false">
<suite id="s1" name="Book-Service-Test" source="/Users/phong.t/Downloads/goworkspace/src/github.com/phongcao0114/pmhb-book-service-test/book-service-test.robot">
<test id="s1-t1" name="Insert Book - Missing Name">
<kw name="Post" library="REST">
<tags>
<tag>http</tag>
</tags>
<doc>*Sends a POST request to the endpoint.*</doc>
<arguments>
<arg>/kph/api/book</arg>
<arg>${req_body_missing_name}</arg>
<arg>headers=${header}</arg>
</arguments>
<status status="PASS" starttime="20201019 11:33:26.995" endtime="20201019 11:33:27.059"></status>
</kw>
<kw name="Integer" library="REST">
<tags>
<tag>assertions</tag>
</tags>
<doc>*Asserts the field as JSON integer.*</doc>
<arguments>
<arg>response status</arg>
<arg>200</arg>
</arguments>
<status status="PASS" starttime="20201019 11:33:27.060" endtime="20201019 11:33:27.060"></status>
</kw>
<kw name="Output" library="REST">
<tags>
<tag>I/O</tag>
</tags>
<doc>*Outputs JSON to terminal or a file.*</doc>
<arguments>
<arg>response body error</arg>
</arguments>
<msg timestamp="20201019 11:33:27.061" level="INFO">
{
    "error_code": "1000",
    "error_desc": "Validate failed",
    "original_error_str": "name is missing"
}</msg>
<status status="PASS" starttime="20201019 11:33:27.061" endtime="20201019 11:33:27.080"></status>
</kw>
<kw name="String" library="REST">
<tags>
<tag>assertions</tag>
</tags>
<doc>*Asserts the field as JSON string.*</doc>
<arguments>
<arg>response body error original_error_str</arg>
<arg>${err_missing_name}</arg>
</arguments>
<status status="PASS" starttime="20201019 11:33:27.080" endtime="20201019 11:33:27.081"></status>
</kw>
<status status="PASS" starttime="20201019 11:33:26.995" endtime="20201019 11:33:27.081" critical="yes"></status>
</test>
<test id="s1-t2" name="Insert Book - Missing Author">
<kw name="Post" library="REST">
<tags>
<tag>http</tag>
</tags>
<doc>*Sends a POST request to the endpoint.*</doc>
<arguments>
<arg>/kph/api/book</arg>
<arg>${req_body_missing_author}</arg>
<arg>headers=${header}</arg>
</arguments>
<status status="PASS" starttime="20201019 11:33:27.082" endtime="20201019 11:33:27.086"></status>
</kw>
<kw name="Integer" library="REST">
<tags>
<tag>assertions</tag>
</tags>
<doc>*Asserts the field as JSON integer.*</doc>
<arguments>
<arg>response status</arg>
<arg>200</arg>
</arguments>
<status status="PASS" starttime="20201019 11:33:27.086" endtime="20201019 11:33:27.087"></status>
</kw>
<kw name="Output" library="REST">
<tags>
<tag>I/O</tag>
</tags>
<doc>*Outputs JSON to terminal or a file.*</doc>
<arguments>
<arg>response body error</arg>
</arguments>
<msg timestamp="20201019 11:33:27.087" level="INFO">
{
    "error_code": "1000",
    "error_desc": "Validate failed",
    "original_error_str": "author is missing"
}</msg>
<status status="PASS" starttime="20201019 11:33:27.087" endtime="20201019 11:33:27.087"></status>
</kw>
<kw name="String" library="REST">
<tags>
<tag>assertions</tag>
</tags>
<doc>*Asserts the field as JSON string.*</doc>
<arguments>
<arg>response body error original_error_str</arg>
<arg>${err_missing_author}</arg>
</arguments>
<status status="PASS" starttime="20201019 11:33:27.087" endtime="20201019 11:33:27.088"></status>
</kw>
<status status="PASS" starttime="20201019 11:33:27.081" endtime="20201019 11:33:27.088" critical="yes"></status>
</test>
<test id="s1-t3" name="Insert Book - Success">
<kw name="Post" library="REST">
<tags>
<tag>http</tag>
</tags>
<doc>*Sends a POST request to the endpoint.*</doc>
<arguments>
<arg>/kph/api/book</arg>
<arg>${req_body}</arg>
<arg>headers=${header}</arg>
</arguments>
<status status="PASS" starttime="20201019 11:33:27.089" endtime="20201019 11:33:27.098"></status>
</kw>
<kw name="Integer" library="REST">
<tags>
<tag>assertions</tag>
</tags>
<doc>*Asserts the field as JSON integer.*</doc>
<arguments>
<arg>response status</arg>
<arg>200</arg>
</arguments>
<status status="PASS" starttime="20201019 11:33:27.098" endtime="20201019 11:33:27.099"></status>
</kw>
<kw name="String" library="REST">
<tags>
<tag>assertions</tag>
</tags>
<doc>*Asserts the field as JSON string.*</doc>
<arguments>
<arg>response body</arg>
</arguments>
<assign>
<var>${id}</var>
</assign>
<msg timestamp="20201019 11:33:27.099" level="INFO">${id} = ['ed512239-7656-4766-abbc-31105278d01b']</msg>
<status status="PASS" starttime="20201019 11:33:27.099" endtime="20201019 11:33:27.099"></status>
</kw>
<kw name="Set Global Variable" library="BuiltIn">
<doc>Makes a variable available globally in all tests and suites.</doc>
<arguments>
<arg>${id}</arg>
</arguments>
<msg timestamp="20201019 11:33:27.100" level="INFO">${id} = ['ed512239-7656-4766-abbc-31105278d01b']</msg>
<status status="PASS" starttime="20201019 11:33:27.100" endtime="20201019 11:33:27.100"></status>
</kw>
<status status="PASS" starttime="20201019 11:33:27.088" endtime="20201019 11:33:27.100" critical="yes"></status>
</test>
<test id="s1-t4" name="Get Book - Success">
<kw name="Get" library="REST">
<tags>
<tag>http</tag>
</tags>
<doc>*Sends a GET request to the endpoint.*</doc>
<arguments>
<arg>/kph/api/book/${id}[0]</arg>
<arg>headers=${header}</arg>
</arguments>
<status status="PASS" starttime="20201019 11:33:27.101" endtime="20201019 11:33:27.109"></status>
</kw>
<kw name="Output" library="REST">
<tags>
<tag>I/O</tag>
</tags>
<doc>*Outputs JSON to terminal or a file.*</doc>
<arguments>
<arg>response</arg>
</arguments>
<msg timestamp="20201019 11:33:27.109" level="INFO">
{
    "seconds": 0.005878,
    "status": 200,
    "body": {
        "id": "ed512239-7656-4766-abbc-31105278d01b",
        "name": "SampleBook",
        "author": "Nick"
    },
    "headers": {
        "Content-Type": "application/json",
        "Date": "Mon, 19 Oct 2020 04:33:27 GMT",
        "Content-Length": "82"
    }
}</msg>
<status status="PASS" starttime="20201019 11:33:27.109" endtime="20201019 11:33:27.110"></status>
</kw>
<kw name="Integer" library="REST">
<tags>
<tag>assertions</tag>
</tags>
<doc>*Asserts the field as JSON integer.*</doc>
<arguments>
<arg>response status</arg>
<arg>200</arg>
</arguments>
<status status="PASS" starttime="20201019 11:33:27.110" endtime="20201019 11:33:27.111"></status>
</kw>
<kw name="String" library="REST">
<tags>
<tag>assertions</tag>
</tags>
<doc>*Asserts the field as JSON string.*</doc>
<arguments>
<arg>response body name</arg>
<arg>${book_name}</arg>
</arguments>
<status status="PASS" starttime="20201019 11:33:27.111" endtime="20201019 11:33:27.112"></status>
</kw>
<kw name="String" library="REST">
<tags>
<tag>assertions</tag>
</tags>
<doc>*Asserts the field as JSON string.*</doc>
<arguments>
<arg>response body author</arg>
<arg>${author}</arg>
</arguments>
<status status="PASS" starttime="20201019 11:33:27.112" endtime="20201019 11:33:27.113"></status>
</kw>
<status status="PASS" starttime="20201019 11:33:27.100" endtime="20201019 11:33:27.113" critical="yes"></status>
</test>
<test id="s1-t5" name="Delete Book - Success">
<kw name="Delete" library="REST">
<tags>
<tag>http</tag>
</tags>
<doc>*Sends a DELETE request to the endpoint.*</doc>
<arguments>
<arg>/kph/api/book/${id}[0]</arg>
<arg>headers=${header}</arg>
</arguments>
<status status="PASS" starttime="20201019 11:33:27.114" endtime="20201019 11:33:27.129"></status>
</kw>
<kw name="Output" library="REST">
<tags>
<tag>I/O</tag>
</tags>
<doc>*Outputs JSON to terminal or a file.*</doc>
<arguments>
<arg>response</arg>
</arguments>
<msg timestamp="20201019 11:33:27.131" level="INFO">
{
    "seconds": 0.011593,
    "status": 200,
    "body": true,
    "headers": {
        "Content-Type": "application/json",
        "Date": "Mon, 19 Oct 2020 04:33:27 GMT",
        "Content-Length": "5"
    }
}</msg>
<status status="PASS" starttime="20201019 11:33:27.130" endtime="20201019 11:33:27.131"></status>
</kw>
<kw name="Integer" library="REST">
<tags>
<tag>assertions</tag>
</tags>
<doc>*Asserts the field as JSON integer.*</doc>
<arguments>
<arg>response status</arg>
<arg>200</arg>
</arguments>
<status status="PASS" starttime="20201019 11:33:27.132" endtime="20201019 11:33:27.132"></status>
</kw>
<status status="PASS" starttime="20201019 11:33:27.113" endtime="20201019 11:33:27.132" critical="yes"></status>
</test>
<status status="PASS" starttime="20201019 11:33:26.755" endtime="20201019 11:33:27.133"></status>
</suite>
<statistics>
<total>
<stat pass="5" fail="0">Critical Tests</stat>
<stat pass="5" fail="0">All Tests</stat>
</total>
<tag>
</tag>
<suite>
<stat pass="5" fail="0" id="s1" name="Book-Service-Test">Book-Service-Test</stat>
</suite>
</statistics>
<errors>
</errors>
</robot>
